==========================================
 
See documentation/faq.html and documentation/bugreporting.html
for help with installation problems.  Please send EVERYTHING
printed out below when reporting problems.  Please check the
mailing list archives and consider subscribing.
 
  https://petsc.org/release/community/mailing/
 
==========================================
Starting make run on jianguoliu-VirtualBox at 六, 27 5月 2023 21:33:05 +0800
Machine characteristics: Linux jianguoliu-VirtualBox 5.4.0-148-generic #165~18.04.1-Ubuntu SMP Thu Apr 20 01:14:06 UTC 2023 x86_64 x86_64 x86_64 GNU/Linux
-----------------------------------------
Using PETSc directory: /home/jianguoliu/Documents/MPI_homework/homework_PETSc_7/petsc-3.19.1
Using PETSc arch: arch-linux-c-debug
-----------------------------------------
PETSC_VERSION_RELEASE    1
PETSC_VERSION_MAJOR      3
PETSC_VERSION_MINOR      19
PETSC_VERSION_SUBMINOR   1
PETSC_VERSION_DATE       "Apr 30, 2023"
PETSC_VERSION_GIT        "v3.19.1"
PETSC_VERSION_DATE_GIT   "2023-04-30 09:09:15 -0500"
-----------------------------------------
Using configure Options: 
Using configuration flags:
#define PETSC_ARCH "arch-linux-c-debug"
#define PETSC_ATTRIBUTEALIGNED(size) __attribute((aligned(size)))
#define PETSC_BLASLAPACK_UNDERSCORE 1
#define PETSC_CLANGUAGE_C 1
#define PETSC_CXX_RESTRICT __restrict
#define PETSC_DEPRECATED_ENUM(why) __attribute__((deprecated(why)))
#define PETSC_DEPRECATED_FUNCTION(why) __attribute__((deprecated(why)))
#define PETSC_DEPRECATED_MACRO(why) _Pragma(why)
#define PETSC_DEPRECATED_TYPEDEF(why) __attribute__((deprecated(why)))
#define PETSC_DIR "/home/jianguoliu/Documents/MPI_homework/homework_PETSc_7/petsc-3.19.1"
#define PETSC_DIR_SEPARATOR '/'
#define PETSC_FORTRAN_CHARLEN_T int
#define PETSC_FORTRAN_TYPE_INITIALIZE  = -2
#define PETSC_FUNCTION_NAME_C __func__
#define PETSC_FUNCTION_NAME_CXX __func__
#define PETSC_HAVE_ACCESS 1
#define PETSC_HAVE_ATOLL 1
#define PETSC_HAVE_ATTRIBUTEALIGNED 1
#define PETSC_HAVE_BUILTIN_EXPECT 1
#define PETSC_HAVE_BZERO 1
#define PETSC_HAVE_C99_COMPLEX 1
#define PETSC_HAVE_CLOCK 1
#define PETSC_HAVE_CXX 1
#define PETSC_HAVE_CXX_ATOMIC 1
#define PETSC_HAVE_CXX_COMPLEX 1
#define PETSC_HAVE_CXX_COMPLEX_FIX 1
#define PETSC_HAVE_CXX_DIALECT_CXX11 1
#define PETSC_HAVE_CXX_DIALECT_CXX14 1
#define PETSC_HAVE_CXX_DIALECT_CXX17 1
#define PETSC_HAVE_DLADDR 1
#define PETSC_HAVE_DLCLOSE 1
#define PETSC_HAVE_DLERROR 1
#define PETSC_HAVE_DLFCN_H 1
#define PETSC_HAVE_DLOPEN 1
#define PETSC_HAVE_DLSYM 1
#define PETSC_HAVE_DOUBLE_ALIGN_MALLOC 1
#define PETSC_HAVE_DRAND48 1
#define PETSC_HAVE_DYNAMIC_LIBRARIES 1
#define PETSC_HAVE_ERF 1
#define PETSC_HAVE_EXECUTABLE_EXPORT 1
#define PETSC_HAVE_FCNTL_H 1
#define PETSC_HAVE_FENV_H 1
#define PETSC_HAVE_FE_VALUES 1
#define PETSC_HAVE_FLOAT_H 1
#define PETSC_HAVE_FORK 1
#define PETSC_HAVE_FORTRAN 1
#define PETSC_HAVE_FORTRAN_FLUSH 1
#define PETSC_HAVE_FORTRAN_FREE_LINE_LENGTH_NONE 1
#define PETSC_HAVE_FORTRAN_GET_COMMAND_ARGUMENT 1
#define PETSC_HAVE_FORTRAN_TYPE_STAR 1
#define PETSC_HAVE_FORTRAN_UNDERSCORE 1
#define PETSC_HAVE_GETCWD 1
#define PETSC_HAVE_GETDOMAINNAME 1
#define PETSC_HAVE_GETHOSTBYNAME 1
#define PETSC_HAVE_GETHOSTNAME 1
#define PETSC_HAVE_GETPAGESIZE 1
#define PETSC_HAVE_GETRUSAGE 1
#define PETSC_HAVE_IMMINTRIN_H 1
#define PETSC_HAVE_INTTYPES_H 1
#define PETSC_HAVE_ISINF 1
#define PETSC_HAVE_ISNAN 1
#define PETSC_HAVE_ISNORMAL 1
#define PETSC_HAVE_LGAMMA 1
#define PETSC_HAVE_LOG2 1
#define PETSC_HAVE_LSEEK 1
#define PETSC_HAVE_MALLOC_H 1
#define PETSC_HAVE_MEMMOVE 1
#define PETSC_HAVE_MKSTEMP 1
#define PETSC_HAVE_MMAP 1
#define PETSC_HAVE_MPIEXEC_ENVIRONMENTAL_VARIABLE OMP
#define PETSC_HAVE_MPIIO 1
#define PETSC_HAVE_MPI_COMBINER_CONTIGUOUS 1
#define PETSC_HAVE_MPI_COMBINER_DUP 1
#define PETSC_HAVE_MPI_COMBINER_NAMED 1
#define PETSC_HAVE_MPI_F90MODULE 1
#define PETSC_HAVE_MPI_F90MODULE_VISIBILITY 1
#define PETSC_HAVE_MPI_FEATURE_DYNAMIC_WINDOW 1
#define PETSC_HAVE_MPI_GET_ACCUMULATE 1
#define PETSC_HAVE_MPI_GET_LIBRARY_VERSION 1
#define PETSC_HAVE_MPI_INIT_THREAD 1
#define PETSC_HAVE_MPI_INT64_T 1
#define PETSC_HAVE_MPI_LONG_DOUBLE 1
#define PETSC_HAVE_MPI_NEIGHBORHOOD_COLLECTIVES 1
#define PETSC_HAVE_MPI_NONBLOCKING_COLLECTIVES 1
#define PETSC_HAVE_MPI_ONE_SIDED 1
#define PETSC_HAVE_MPI_PROCESS_SHARED_MEMORY 1
#define PETSC_HAVE_MPI_REDUCE_LOCAL 1
#define PETSC_HAVE_MPI_REDUCE_SCATTER_BLOCK 1
#define PETSC_HAVE_MPI_RGET 1
#define PETSC_HAVE_MPI_WIN_CREATE 1
#define PETSC_HAVE_NANOSLEEP 1
#define PETSC_HAVE_NETDB_H 1
#define PETSC_HAVE_NETINET_IN_H 1
#define PETSC_HAVE_OMPI_MAJOR_VERSION 2
#define PETSC_HAVE_OMPI_MINOR_VERSION 1
#define PETSC_HAVE_OMPI_RELEASE_VERSION 1
#define PETSC_HAVE_PACKAGES ":blaslapack:mathlib:mpi:pthread:regex:x11:"
#define PETSC_HAVE_POPEN 1
#define PETSC_HAVE_POSIX_MEMALIGN 1
#define PETSC_HAVE_PTHREAD 1
#define PETSC_HAVE_PWD_H 1
#define PETSC_HAVE_RAND 1
#define PETSC_HAVE_READLINK 1
#define PETSC_HAVE_REALPATH 1
#define PETSC_HAVE_REAL___FLOAT128 1
#define PETSC_HAVE_REGEX 1
#define PETSC_HAVE_RTLD_GLOBAL 1
#define PETSC_HAVE_RTLD_LAZY 1
#define PETSC_HAVE_RTLD_LOCAL 1
#define PETSC_HAVE_RTLD_NOW 1
#define PETSC_HAVE_SETJMP_H 1
#define PETSC_HAVE_SLEEP 1
#define PETSC_HAVE_SNPRINTF 1
#define PETSC_HAVE_SOCKET 1
#define PETSC_HAVE_SO_REUSEADDR 1
#define PETSC_HAVE_STDATOMIC_H 1
#define PETSC_HAVE_STDINT_H 1
#define PETSC_HAVE_STRCASECMP 1
#define PETSC_HAVE_STRINGS_H 1
#define PETSC_HAVE_STRUCT_SIGACTION 1
#define PETSC_HAVE_SYS_PARAM_H 1
#define PETSC_HAVE_SYS_PROCFS_H 1
#define PETSC_HAVE_SYS_RESOURCE_H 1
#define PETSC_HAVE_SYS_SOCKET_H 1
#define PETSC_HAVE_SYS_TIMES_H 1
#define PETSC_HAVE_SYS_TIME_H 1
#define PETSC_HAVE_SYS_TYPES_H 1
#define PETSC_HAVE_SYS_UTSNAME_H 1
#define PETSC_HAVE_SYS_WAIT_H 1
#define PETSC_HAVE_TAU_PERFSTUBS 1
#define PETSC_HAVE_TGAMMA 1
#define PETSC_HAVE_TIME 1
#define PETSC_HAVE_TIME_H 1
#define PETSC_HAVE_UNAME 1
#define PETSC_HAVE_UNISTD_H 1
#define PETSC_HAVE_USLEEP 1
#define PETSC_HAVE_VA_COPY 1
#define PETSC_HAVE_VSNPRINTF 1
#define PETSC_HAVE_X 1
#define PETSC_HAVE_XMMINTRIN_H 1
#define PETSC_INTPTR_T intptr_t
#define PETSC_INTPTR_T_FMT "#" PRIxPTR
#define PETSC_IS_COLORING_MAX USHRT_MAX
#define PETSC_IS_COLORING_VALUE_TYPE short
#define PETSC_IS_COLORING_VALUE_TYPE_F integer2
#define PETSC_LEVEL1_DCACHE_LINESIZE 64
#define PETSC_LIB_DIR "/home/jianguoliu/Documents/MPI_homework/homework_PETSc_7/petsc-3.19.1/arch-linux-c-debug/lib"
#define PETSC_MAX_PATH_LEN 4096
#define PETSC_MEMALIGN 16
#define PETSC_MPICC_SHOW "gcc -I/usr/lib/x86_64-linux-gnu/openmpi/include/openmpi -I/usr/lib/x86_64-linux-gnu/openmpi/include/openmpi/opal/mca/event/libevent2022/libevent -I/usr/lib/x86_64-linux-gnu/openmpi/include/openmpi/opal/mca/event/libevent2022/libevent/include -I/usr/lib/x86_64-linux-gnu/openmpi/include -pthread -L/usr//lib -L/usr/lib/x86_64-linux-gnu/openmpi/lib -lmpi"
#define PETSC_MPIU_IS_COLORING_VALUE_TYPE MPI_UNSIGNED_SHORT
#define PETSC_OMAKE "/usr/bin/make --no-print-directory"
#define PETSC_PREFETCH_HINT_NTA _MM_HINT_NTA
#define PETSC_PREFETCH_HINT_T0 _MM_HINT_T0
#define PETSC_PREFETCH_HINT_T1 _MM_HINT_T1
#define PETSC_PREFETCH_HINT_T2 _MM_HINT_T2
#define PETSC_PYTHON_EXE "/usr/bin/python3"
#define PETSC_Prefetch(a,b,c) _mm_prefetch((const char*)(a),(c))
#define PETSC_REPLACE_DIR_SEPARATOR '\\'
#define PETSC_SIGNAL_CAST  
#define PETSC_SIZEOF_INT 4
#define PETSC_SIZEOF_LONG 8
#define PETSC_SIZEOF_LONG_LONG 8
#define PETSC_SIZEOF_SIZE_T 8
#define PETSC_SIZEOF_VOID_P 8
#define PETSC_SLSUFFIX "so"
#define PETSC_UINTPTR_T uintptr_t
#define PETSC_UINTPTR_T_FMT "#" PRIxPTR
#define PETSC_UNUSED __attribute((unused))
#define PETSC_USE_AVX512_KERNELS 1
#define PETSC_USE_BACKWARD_LOOP 1
#define PETSC_USE_CTABLE 1
#define PETSC_USE_DEBUG 1
#define PETSC_USE_DEBUGGER "gdb"
#define PETSC_USE_DMLANDAU_2D 1
#define PETSC_USE_INFO 1
#define PETSC_USE_ISATTY 1
#define PETSC_USE_LOG 1
#define PETSC_USE_PROC_FOR_SIZE 1
#define PETSC_USE_REAL_DOUBLE 1
#define PETSC_USE_SHARED_LIBRARIES 1
#define PETSC_USE_SINGLE_LIBRARY 1
#define PETSC_USE_SOCKET_VIEWER 1
#define PETSC_USE_VISIBILITY_C 1
#define PETSC_USE_VISIBILITY_CXX 1
#define PETSC_USING_64BIT_PTR 1
#define PETSC_USING_F2003 1
#define PETSC_USING_F90FREEFORM 1
#define PETSC__BSD_SOURCE 1
#define PETSC__DEFAULT_SOURCE 1
#define PETSC__GNU_SOURCE 1
-----------------------------------------
Using C compile: mpicc -o .o -c -fPIC -Wall -Wwrite-strings -Wno-unknown-pragmas -Wno-lto-type-mismatch -fstack-protector -fvisibility=hidden -g3 -O0  
mpicc -show: gcc -I/usr/lib/x86_64-linux-gnu/openmpi/include/openmpi -I/usr/lib/x86_64-linux-gnu/openmpi/include/openmpi/opal/mca/event/libevent2022/libevent -I/usr/lib/x86_64-linux-gnu/openmpi/include/openmpi/opal/mca/event/libevent2022/libevent/include -I/usr/lib/x86_64-linux-gnu/openmpi/include -pthread -L/usr//lib -L/usr/lib/x86_64-linux-gnu/openmpi/lib -lmpi
C compiler version: gcc (Ubuntu 7.5.0-3ubuntu1~18.04) 7.5.0
Using C++ compile: mpicxx -o .o -c -Wall -Wwrite-strings -Wno-strict-aliasing -Wno-unknown-pragmas -Wno-lto-type-mismatch -Wno-psabi -fstack-protector -fvisibility=hidden -g -O0  -std=gnu++17 -fPIC  -I/home/jianguoliu/Documents/MPI_homework/homework_PETSc_7/petsc-3.19.1/include -I/home/jianguoliu/Documents/MPI_homework/homework_PETSc_7/petsc-3.19.1/arch-linux-c-debug/include   
mpicxx -show: g++ -I/usr/lib/x86_64-linux-gnu/openmpi/include/openmpi -I/usr/lib/x86_64-linux-gnu/openmpi/include/openmpi/opal/mca/event/libevent2022/libevent -I/usr/lib/x86_64-linux-gnu/openmpi/include/openmpi/opal/mca/event/libevent2022/libevent/include -I/usr/lib/x86_64-linux-gnu/openmpi/include -pthread -L/usr//lib -L/usr/lib/x86_64-linux-gnu/openmpi/lib -lmpi_cxx -lmpi
C++ compiler version: g++ (Ubuntu 7.5.0-3ubuntu1~18.04) 7.5.0
Using Fortran compile: mpif90 -o .o -c -fPIC -Wall -ffree-line-length-none -ffree-line-length-0 -Wno-lto-type-mismatch -Wno-unused-dummy-argument -g -O0    -I/home/jianguoliu/Documents/MPI_homework/homework_PETSc_7/petsc-3.19.1/include -I/home/jianguoliu/Documents/MPI_homework/homework_PETSc_7/petsc-3.19.1/arch-linux-c-debug/include   
mpif90 -show: gfortran -I/usr/lib/x86_64-linux-gnu/openmpi/include -pthread -I/usr/lib/x86_64-linux-gnu/openmpi/lib -L/usr//lib -L/usr/lib/x86_64-linux-gnu/openmpi/lib -lmpi_usempif08 -lmpi_usempi_ignore_tkr -lmpi_mpifh -lmpi
Fortran compiler version: GNU Fortran (Ubuntu 7.5.0-3ubuntu1~18.04) 7.5.0
-----------------------------------------
Using C/C++ linker: mpicc
Using C/C++ flags: -fPIC -Wall -Wwrite-strings -Wno-unknown-pragmas -Wno-lto-type-mismatch -fstack-protector -fvisibility=hidden -g3 -O0
Using Fortran linker: mpif90
Using Fortran flags: -fPIC -Wall -ffree-line-length-none -ffree-line-length-0 -Wno-lto-type-mismatch -Wno-unused-dummy-argument -g -O0 
-----------------------------------------
Using system modules: 
Using mpi.h: # 1 "/usr/lib/x86_64-linux-gnu/openmpi/include/mpi.h" 1
-----------------------------------------
Using libraries: -Wl,-rpath,/home/jianguoliu/Documents/MPI_homework/homework_PETSc_7/petsc-3.19.1/arch-linux-c-debug/lib -L/home/jianguoliu/Documents/MPI_homework/homework_PETSc_7/petsc-3.19.1/arch-linux-c-debug/lib -Wl,-rpath,/usr/lib/x86_64-linux-gnu/openmpi/lib -L/usr/lib/x86_64-linux-gnu/openmpi/lib -Wl,-rpath,/usr/lib/gcc/x86_64-linux-gnu/7 -L/usr/lib/gcc/x86_64-linux-gnu/7 -lpetsc -llapack -lblas -lm -lX11 -ldl -lmpi_usempif08 -lmpi_usempi_ignore_tkr -lmpi_mpifh -lmpi -lgfortran -lm -lgfortran -lm -lgcc_s -lquadmath -lpthread -lstdc++ -lquadmath -ldl
------------------------------------------
Using mpiexec: /usr/bin/mpiexec
------------------------------------------
Using MAKE: /usr/bin/make
Default MAKEFLAGS: MAKE_NP:7 MAKE_LOAD:12.0 MAKEFLAGS: --no-print-directory -- PETSC_DIR=/home/jianguoliu/Documents/MPI_homework/homework_PETSc_7/petsc-3.19.1 PETSC_ARCH=arch-linux-c-debug
==========================================
/usr/bin/make --print-directory -f gmakefile -j7 -l12.0 --output-sync=recurse V= libs
make[3]: Nothing to be done for 'libs'.
=========================================
Now to check if the libraries are working do:
make PETSC_DIR=/home/jianguoliu/Documents/MPI_homework/homework_PETSc_7/petsc-3.19.1 PETSC_ARCH=arch-linux-c-debug check
=========================================
Finishing make run at 六, 27 5月 2023 21:33:05 +0800
